
Magic 8.3 revision 209 - Compiled on Thu Sep 16 15:04:47 UTC 2021.
Starting magic under Tcl interpreter
Using the terminal as the console.
Using NULL graphics device.
Processing system .magicrc file
Sourcing design .magicrc for technology sky130A ...
2 Magic internal units = 1 Lambda
Input style sky130(vendor): scaleFactor=2, multiplier=2
Scaled tech values by 2 / 1 to match internal grid scaling
Loading sky130A Device Generator Menu ...
Loading "/openLANE_flow/scripts/magic/gds_pointers.tcl" from command line.
Warning: Calma reading is not undoable!  I hope that's OK.
Library written using GDS-II Release 3.0
Library name: alu32
Reading "sky130_fd_sc_hd__clkbuf_2".
Reading "sky130_fd_sc_hd__clkbuf_1".
Reading "sky130_fd_sc_hd__decap_3".
Reading "sky130_fd_sc_hd__decap_4".
Reading "sky130_fd_sc_hd__fill_1".
Reading "sky130_fd_sc_hd__decap_8".
Reading "sky130_fd_sc_hd__fill_2".
Reading "sky130_fd_sc_hd__tapvpwrvgnd_1".
Reading "sky130_fd_sc_hd__a2bb2oi_1".
Reading "sky130_fd_sc_hd__buf_2".
Reading "sky130_fd_sc_hd__a21o_1".
Reading "sky130_fd_sc_hd__mux2_1".
Reading "sky130_fd_sc_hd__a22o_1".
Reading "sky130_fd_sc_hd__or2_1".
Reading "sky130_fd_sc_hd__dlymetal6s2s_1".
Reading "sky130_fd_sc_hd__a32o_1".
Reading "sky130_fd_sc_hd__decap_6".
Reading "sky130_fd_sc_hd__o21a_1".
Reading "sky130_fd_sc_hd__o2bb2a_1".
Reading "sky130_fd_sc_hd__inv_2".
Reading "sky130_fd_sc_hd__nor2_1".
Reading "sky130_fd_sc_hd__o221ai_1".
Reading "sky130_fd_sc_hd__o21ai_1".
Reading "sky130_fd_sc_hd__diode_2".
Reading "sky130_fd_sc_hd__o22a_1".
Reading "sky130_fd_sc_hd__a2111o_1".
CIF file read warning: CIF style sky130(vendor): units rescaled by factor of 5 / 1
CIF file read warning: Input off lambda grid by 2/5; snapped to grid.
Reading "sky130_fd_sc_hd__or3_1".
Reading "sky130_fd_sc_hd__or3_2".
Reading "sky130_fd_sc_hd__a31o_1".
Reading "sky130_fd_sc_hd__a221o_1".
Reading "sky130_fd_sc_hd__a31oi_4".
Reading "sky130_fd_sc_hd__o2bb2ai_1".
Reading "sky130_fd_sc_hd__o21ai_2".
Reading "sky130_fd_sc_hd__nor3_1".
Reading "sky130_fd_sc_hd__nor4_1".
Reading "sky130_fd_sc_hd__o32a_1".
Reading "sky130_fd_sc_hd__or4_1".
Reading "sky130_fd_sc_hd__o2111ai_4".
Reading "sky130_fd_sc_hd__a21oi_1".
Reading "sky130_fd_sc_hd__o2111ai_1".
Reading "sky130_fd_sc_hd__buf_1".
Reading "sky130_fd_sc_hd__nand2_1".
Reading "sky130_fd_sc_hd__o22ai_2".
Reading "sky130_fd_sc_hd__o221ai_2".
Reading "sky130_fd_sc_hd__a211o_1".
Reading "sky130_fd_sc_hd__o211a_1".
Reading "sky130_fd_sc_hd__a2bb2o_1".
Reading "sky130_fd_sc_hd__o221ai_4".
Reading "sky130_fd_sc_hd__mux2_8".
Reading "sky130_fd_sc_hd__buf_12".
Reading "sky130_fd_sc_hd__or4b_1".
Reading "sky130_fd_sc_hd__a41o_1".
Reading "sky130_fd_sc_hd__o21a_4".
Reading "sky130_fd_sc_hd__decap_12".
Reading "sky130_fd_sc_hd__a21bo_1".
Reading "sky130_fd_sc_hd__or4_2".
Reading "sky130_fd_sc_hd__mux2_2".
Reading "sky130_fd_sc_hd__a32o_2".
Reading "sky130_fd_sc_hd__o2111a_1".
Reading "alu32".
[INFO]: Wrote /openLANE_flow/designs/alu32/runs/run3/tmp/magic/magic_gds_ptrs.mag including GDS pointers.
