OpenROAD 1 fb8ae93b6c7a5eb0e6fac83360a8a48d76c41885
This program is licensed under the BSD-3 license. See the LICENSE file for details.
Components of this program may be licensed under more restrictive licenses which must be honored.
[INFO ODB-0222] Reading LEF file: /openLANE_flow/designs/alu32/runs/run3/tmp/merged_unpadded.lef
[WARNING ODB-0220] WARNING (LEFPARS-2036): SOURCE statement is obsolete in version 5.6 and later.
The LEF parser will ignore this statement.
To avoid this warning in the future, remove this statement from the LEF file with version 5.6 or later. See file /openLANE_flow/designs/alu32/runs/run3/tmp/merged_unpadded.lef at line 68059.

[INFO ODB-0223]     Created 13 technology layers
[INFO ODB-0224]     Created 25 technology vias
[INFO ODB-0225]     Created 441 library cells
[INFO ODB-0226] Finished LEF file:  /openLANE_flow/designs/alu32/runs/run3/tmp/merged_unpadded.lef
[WARNING ORD-0033] -order_wires is deprecated.
[INFO ODB-0127] Reading DEF file: /openLANE_flow/designs/alu32/runs/run3/results/routing/21-alu32.def
[INFO ODB-0128] Design: alu32
[INFO ODB-0130]     Created 134 pins.
[INFO ODB-0131]     Created 1870 components and 9550 component-terminals.
[INFO ODB-0132]     Created 2 special nets and 7208 connections.
[INFO ODB-0133]     Created 747 nets and 2342 connections.
[INFO ODB-0134] Finished DEF file: /openLANE_flow/designs/alu32/runs/run3/results/routing/21-alu32.def
[INFO]: Setting output delay to: 2.0
[INFO]: Setting input delay to: 2.0
[INFO]: Setting load to: 0.01765
[WARNING STA-0357] virtual clock  can not be propagated.
[INFO RCX-0431] Defined process_corner X with ext_model_index 0
[INFO RCX-0029] Defined extraction corner X
[INFO RCX-0008] extracting parasitics of alu32 ...
Notice 0: Split top of 212 T shapes.
[INFO RCX-0435] Reading extraction model file /home/rohith/vlsi/OpenLane/pdks/sky130A/libs.tech/openlane/rcx_rules.info ...
[INFO RCX-0436] RC segment generation alu32 (max_merge_res 50.0) ...
[INFO RCX-0040] Final 2947 rc segments
[INFO RCX-0439] Coupling Cap extraction alu32 ...
[INFO RCX-0440] Coupling threshhold is 0.1000 fF, coupling capacitance less than 0.1000 fF will be grounded.
[INFO RCX-0043] 5556 wires to be extracted
[INFO RCX-0442] 51% completion -- 2872 wires have been extracted
[INFO RCX-0442] 100% completion -- 5556 wires have been extracted
[INFO RCX-0045] Extract 747 nets, 3693 rsegs, 3693 caps, 7269 ccs
[INFO RCX-0015] Finished extracting alu32.
[INFO RCX-0016] Writing SPEF ...
[INFO RCX-0443] 747 nets finished
[INFO RCX-0017] Finished writing SPEF ...
